<?xml version="1.0" encoding="UTF-8"?>
<testng-results skipped="0" failed="0" ignored="0" total="1" passed="1">
  <reporter-output>
  </reporter-output>
  <suite name="testcases.TestCase_01" duration-ms="123" started-at="2017-05-27T16:52:28Z" finished-at="2017-05-27T16:52:28Z">
    <groups>
    </groups>
    <test name="Command line test" duration-ms="123" started-at="2017-05-27T16:52:28Z" finished-at="2017-05-27T16:52:28Z">
      <class name="testcases.TestCase_01">
        <test-method status="PASS" signature="login()[pri:0, instance:testcases.TestCase_01@506e6d5e]" name="login" duration-ms="29" started-at="2017-05-27T22:22:28Z" finished-at="2017-05-27T22:22:28Z">
          <reporter-output>
          </reporter-output>
        </test-method> <!-- login -->
      </class> <!-- testcases.TestCase_01 -->
    </test> <!-- Command line test -->
  </suite> <!-- testcases.TestCase_01 -->
</testng-results>
